FluidDictionary: uumatter
FluidDictionary: constructionfoam
FluidDictionary: ic2coolant
OreDictionary: oreUranium
OreDictionary: oreLead
OreDictionary: dustBronze
OreDictionary: dustClay
OreDictionary: dustCoal
OreDictionary: dustCopper
OreDictionary: dustGold
OreDictionary: dustIron
OreDictionary: dustSilver
OreDictionary: dustTin
OreDictionary: dustLead
OreDictionary: dustObsidian
OreDictionary: dustLapis
OreDictionary: dustSulfur
OreDictionary: dustLithium
OreDictionary: dustTinyCopper
OreDictionary: dustTinyGold
OreDictionary: dustTinyIron
OreDictionary: dustTinySilver
OreDictionary: dustTinyTin
OreDictionary: dustTinyLead
OreDictionary: dustTinySulfur
OreDictionary: dustTinyLithium
OreDictionary: itemRubber
OreDictionary: ingotBronze
OreDictionary: ingotCopper
OreDictionary: ingotRefinedIron
OreDictionary: ingotLead
OreDictionary: ingotTin
OreDictionary: ingotSilver
OreDictionary: plateIron
OreDictionary: plateGold
OreDictionary: plateCopper
OreDictionary: plateTin
OreDictionary: plateLead
OreDictionary: plateLapis
OreDictionary: plateObsidian
OreDictionary: plateBronze
OreDictionary: plateDenseIron
OreDictionary: plateDenseGold
OreDictionary: plateDenseCopper
OreDictionary: plateDenseTin
OreDictionary: plateDenseLead
OreDictionary: plateDenseLapis
OreDictionary: plateDenseObsidian
OreDictionary: plateDenseBronze
OreDictionary: blockBronze
OreDictionary: blockCopper
OreDictionary: blockTin
OreDictionary: blockUranium
OreDictionary: blockLead
OreDictionary: woodRubber
OreDictionary: dustObsidian
OreDictionary: plateDenseLead
OreDictionary: ingotInfernal
OreDictionary: listAllfishraw
OreDictionary: listAllfishcooked
OreDictionary: cropSeaweed
OreDictionary: crafterWood
OreDictionary: craftingTableWood
OreDictionary: plankWood
OreDictionary: logWood
OreDictionary: stickWood
OreDictionary: crafterWood
OreDictionary: craftingTableWood
OreDictionary: plankWood
OreDictionary: logWood
OreDictionary: stickWood
OreDictionary: crafterWood
OreDictionary: craftingTableWood
OreDictionary: plankWood
OreDictionary: logWood
OreDictionary: stickWood
OreDictionary: crafterWood
OreDictionary: craftingTableWood
OreDictionary: plankWood
OreDictionary: logWood
OreDictionary: stickWood
OreDictionary: crafterWood
OreDictionary: craftingTableWood
OreDictionary: plankWood
OreDictionary: logWood
OreDictionary: stickWood
OreDictionary: crafterWood
OreDictionary: craftingTableWood
OreDictionary: plankWood
OreDictionary: logWood
OreDictionary: stickWood
OreDictionary: crafterWood
OreDictionary: craftingTableWood
OreDictionary: plankWood
OreDictionary: logWood
OreDictionary: stickWood
OreDictionary: crafterWood
OreDictionary: craftingTableWood
OreDictionary: plankWood
OreDictionary: logWood
OreDictionary: stickWood
OreDictionary: crafterWood
OreDictionary: craftingTableWood
OreDictionary: plankWood
OreDictionary: logWood
OreDictionary: stickWood
OreDictionary: crafterWood
OreDictionary: craftingTableWood
OreDictionary: plankWood
OreDictionary: logWood
OreDictionary: stickWood
OreDictionary: crafterWood
OreDictionary: craftingTableWood
OreDictionary: plankWood
OreDictionary: logWood
OreDictionary: stickWood
OreDictionary: dyeBlue
OreDictionary: cropRaspberry
OreDictionary: cropBlueberry
OreDictionary: cropBlackberry
OreDictionary: cropMaloberry
OreDictionary: cropBlightberry
OreDictionary: cropDuskberry
OreDictionary: cropSkyberry
OreDictionary: cropStingberry
OreDictionary: taintedSoil
FluidDictionary: bop.liquidpoison
FluidDictionary: bop.springwater
OreDictionary: plankWood
OreDictionary: stickWood
OreDictionary: stickWood
OreDictionary: dyeBlue
OreDictionary: dyeBrown
OreDictionary: dyeGreen
OreDictionary: dyeWhite
OreDictionary: dyeBlack
OreDictionary: gemRuby
OreDictionary: gemPeridot
OreDictionary: gemTopaz
OreDictionary: gemTanzanite
OreDictionary: gemSapphire
OreDictionary: treeSapling
OreDictionary: treeSapling
OreDictionary: logWood
OreDictionary: logWood
OreDictionary: logWood
OreDictionary: logWood
OreDictionary: logWood
OreDictionary: logWood
OreDictionary: logWood
OreDictionary: logWood
OreDictionary: logWood
OreDictionary: logWood
OreDictionary: logWood
OreDictionary: logWood
OreDictionary: logWood
OreDictionary: logWood
OreDictionary: logWood
OreDictionary: slabWood
OreDictionary: slabWood
OreDictionary: stairWood
OreDictionary: stairWood
OreDictionary: stairWood
OreDictionary: stairWood
OreDictionary: stairWood
OreDictionary: stairWood
OreDictionary: stairWood
OreDictionary: stairWood
OreDictionary: stairWood
OreDictionary: stairWood
OreDictionary: stairWood
OreDictionary: stairWood
OreDictionary: stairWood
OreDictionary: treeLeaves
OreDictionary: treeLeaves
OreDictionary: treeLeaves
OreDictionary: treeLeaves
OreDictionary: gemApatite
OreDictionary: ingotCopper
OreDictionary: ingotTin
OreDictionary: ingotBronze
OreDictionary: brickPeat
OreDictionary: dustAsh
OreDictionary: gearBronze
OreDictionary: gearCopper
OreDictionary: gearTin
OreDictionary: pulpWood
OreDictionary: itemBeeswax
OreDictionary: cropCherry
OreDictionary: cropWalnut
OreDictionary: cropChestnut
OreDictionary: cropLemon
OreDictionary: cropPlum
OreDictionary: cropDate
OreDictionary: cropPapaya
OreDictionary: oreApatite
OreDictionary: oreCopper
OreDictionary: oreTin
OreDictionary: dropHoney
OreDictionary: itemPollen
OreDictionary: dropHoneydew
OreDictionary: dropRoyalJelly
OreDictionary: beeComb
OreDictionary: treeSapling
OreDictionary: logWood
OreDictionary: logWood
OreDictionary: logWood
OreDictionary: logWood
OreDictionary: logWood
OreDictionary: logWood
OreDictionary: logWood
OreDictionary: plankWood
OreDictionary: plankWood
OreDictionary: slabWood
OreDictionary: slabWood
FluidDictionary: oil
FluidDictionary: fuel
FluidDictionary: creosote
FluidDictionary: steam
OreDictionary: nuggetIron
OreDictionary: nuggetSteel
OreDictionary: ingotSteel
OreDictionary: fuelCoke
OreDictionary: dustObsidian
OreDictionary: dustSulfur
OreDictionary: dustSaltpeter
OreDictionary: dustCharcoal
OreDictionary: blockSteel
OreDictionary: oreSulfur
OreDictionary: oreSaltpeter
OreDictionary: oreDiamond
OreDictionary: oreEmerald
OreDictionary: oreLapis
OreDictionary: oreFirestone
FluidDictionary: uraniumhexafluoride
FluidDictionary: deuterium
FluidDictionary: toxicwaste
OreDictionary: oreUranium
OreDictionary: breederUranium
OreDictionary: blockRadioactive
OreDictionary: cellEmpty
OreDictionary: cellUranium
OreDictionary: cellDeuterium
OreDictionary: cellWater
OreDictionary: strangeMatter
OreDictionary: antimatterMilligram
OreDictionary: antimatterGram
OreDictionary: gemDiamond
OreDictionary: gemEmerald
OreDictionary: ingotIron
OreDictionary: ingotGold
OreDictionary: gemDiamond
FluidDictionary: acid
FluidDictionary: poison
FluidDictionary: liquidnitrogen
OreDictionary: logWood
OreDictionary: logWood
OreDictionary: logWood
OreDictionary: logWood
OreDictionary: logWood
OreDictionary: logWood
OreDictionary: logWood
OreDictionary: logWood
OreDictionary: logWood
OreDictionary: logWood
OreDictionary: logWood
OreDictionary: logWood
OreDictionary: logWood
OreDictionary: logWood
OreDictionary: logWood
OreDictionary: logWood
OreDictionary: logWood
OreDictionary: logWood
OreDictionary: logWood
OreDictionary: logWood
OreDictionary: logWood
OreDictionary: logWood
OreDictionary: logWood
OreDictionary: logWood
OreDictionary: logWood
OreDictionary: logWood
OreDictionary: logWood
OreDictionary: logWood
OreDictionary: logWood
OreDictionary: logWood
OreDictionary: logWood
OreDictionary: logWood
OreDictionary: logWood
OreDictionary: logWood
OreDictionary: logWood
OreDictionary: logWood
OreDictionary: logWood
OreDictionary: logWood
OreDictionary: logWood
OreDictionary: logWood
OreDictionary: plankWood
OreDictionary: plankWood
OreDictionary: plankWood
OreDictionary: plankWood
OreDictionary: plankWood
OreDictionary: plankWood
OreDictionary: plankWood
OreDictionary: plankWood
OreDictionary: plankWood
OreDictionary: plankWood
OreDictionary: plankWood
OreDictionary: plankWood
OreDictionary: plankWood
OreDictionary: plankWood
OreDictionary: plankWood
OreDictionary: plankWood
OreDictionary: plankWood
OreDictionary: plankWood
OreDictionary: plankWood
OreDictionary: plankWood
OreDictionary: plankWood
OreDictionary: plankWood
OreDictionary: plankWood
OreDictionary: plankWood
OreDictionary: plankWood
OreDictionary: plankWood
OreDictionary: plankWood
OreDictionary: plankWood
OreDictionary: plankWood
OreDictionary: plankWood
OreDictionary: plankWood
OreDictionary: plankWood
OreDictionary: plankWood
OreDictionary: plankWood
OreDictionary: plankWood
FluidDictionary: sap
FluidDictionary: resin
FluidDictionary: latex
FluidDictionary: turpentine
OreDictionary: pulpWood
OreDictionary: cropApple
OreDictionary: cropCrabapple
OreDictionary: cropOrange
OreDictionary: cropKumquat
OreDictionary: cropLime
OreDictionary: cropCherry
OreDictionary: cropWildCherry
OreDictionary: cropCherry
OreDictionary: cropSourCherry
OreDictionary: cropCherry
OreDictionary: cropBlackCherry
OreDictionary: cropBlackthorn
OreDictionary: cropPlum
OreDictionary: cropCherryPlum
OreDictionary: cropAlmond
OreDictionary: cropApricot
OreDictionary: cropGrapefruit
OreDictionary: cropPeach
OreDictionary: cropSatsuma
OreDictionary: cropOrange
OreDictionary: cropBuddhaHand
OreDictionary: cropCitron
OreDictionary: cropCitron
OreDictionary: cropLime
OreDictionary: cropFingerLime
OreDictionary: cropKeyLime
OreDictionary: cropLime
OreDictionary: cropOrange
OreDictionary: cropManderin
OreDictionary: cropPeach
OreDictionary: cropNectarine
OreDictionary: cropPomelo
OreDictionary: cropTangerine
OreDictionary: cropOrange
OreDictionary: cropPear
OreDictionary: cropSandPear
OreDictionary: cropHazelnut
OreDictionary: cropButternut
OreDictionary: cropWalnut
OreDictionary: cropBeechnut
OreDictionary: cropPecan
OreDictionary: cropBanana
OreDictionary: cropRedBanana
OreDictionary: cropBanana
OreDictionary: cropPlantain
OreDictionary: cropBrazilNut
OreDictionary: cropFig
OreDictionary: cropAcorn
OreDictionary: cropElderberry
OreDictionary: cropOlive
OreDictionary: cropGingkoNut
OreDictionary: cropCoffee
OreDictionary: cropOsangeOrange
OreDictionary: cropClove
OreDictionary: cropApple
OreDictionary: cropHops
OreDictionary: seedWheat
OreDictionary: sludge
OreDictionary: oreSilver
OreDictionary: ingotSilver
OreDictionary: ingotLead
OreDictionary: blockSilver
OreDictionary: blockLead
OreDictionary: sulfuricAcid
OreDictionary: aquaRegia
OreDictionary: oreIron
OreDictionary: oreGold
OreDictionary: ingotIron
OreDictionary: ingotGold
FluidDictionary: fluxgoo
OreDictionary: nuggetIron
OreDictionary: nuggetCopper
OreDictionary: nuggetTin
OreDictionary: nuggetSilver
OreDictionary: nuggetLead
OreDictionary: nuggetThaumium
OreDictionary: dustCoal
OreDictionary: dustIron
OreDictionary: dustGold
OreDictionary: dustCopper
OreDictionary: dustTin
OreDictionary: hambone
FluidDictionary: fluid.iron.molten
FluidDictionary: fluid.gold.molten
FluidDictionary: fluid.copper.molten
FluidDictionary: fluid.tin.molten
FluidDictionary: fluid.aluminum.molten
FluidDictionary: fluid.cobalt.molten
FluidDictionary: fluid.ardite.molten
FluidDictionary: fluid.bronze.molten
FluidDictionary: fluid.aluminumbrass.molten
FluidDictionary: fluid.manyullyn.molten
FluidDictionary: fluid.alumite.molten
FluidDictionary: fluid.obsidian.molten
FluidDictionary: fluid.steel.molten
FluidDictionary: fluid.glass.molten
FluidDictionary: fluid.stone.seared
FluidDictionary: fluid.emerald.liquid
FluidDictionary: fluid.blood
FluidDictionary: fluid.nickel.molten
FluidDictionary: fluid.lead.molten
FluidDictionary: fluid.silver.molten
FluidDictionary: fluid.platinum.molten
FluidDictionary: fluid.invar.molten
FluidDictionary: fluid.electrum.molten
FluidDictionary: fluid.ender
FluidDictionary: slime.blue
OreDictionary: mossystone
OreDictionary: mossystone
OreDictionary: oreCobalt
OreDictionary: oreArdite
OreDictionary: oreCopper
OreDictionary: oreTin
OreDictionary: oreNaturalAluminum
OreDictionary: oreIron
OreDictionary: oreGold
OreDictionary: oreCobalt
OreDictionary: oreCopper
OreDictionary: oreTin
OreDictionary: oreNaturalAluminum
OreDictionary: ingotCobalt
OreDictionary: ingotArdite
OreDictionary: ingotManyullyn
OreDictionary: ingotCopper
OreDictionary: ingotTin
OreDictionary: ingotNaturalAluminum
OreDictionary: naturalAluminum
OreDictionary: ingotBronze
OreDictionary: ingotAluminumBrass
OreDictionary: ingotAlumite
OreDictionary: ingotSteel
OreDictionary: blockCobalt
OreDictionary: blockArdite
OreDictionary: blockManyullyn
OreDictionary: blockCopper
OreDictionary: blockBronze
OreDictionary: blockTin
OreDictionary: blockNaturalAluminum
OreDictionary: blockAluminumBrass
OreDictionary: blockAlumite
OreDictionary: blockSteel
OreDictionary: nuggetIron
OreDictionary: nuggetCopper
OreDictionary: nuggetTin
OreDictionary: nuggetNaturalAluminum
OreDictionary: nuggetAluminumBrass
OreDictionary: nuggetObsidian
OreDictionary: nuggetCobalt
OreDictionary: nuggetArdite
OreDictionary: nuggetManyullyn
OreDictionary: nuggetBronze
OreDictionary: nuggetAlumite
OreDictionary: nuggetSteel
OreDictionary: woodRod
OreDictionary: stoneRod
OreDictionary: ironRod
OreDictionary: flintRod
OreDictionary: cactusRod
OreDictionary: boneRod
OreDictionary: obsidianRod
OreDictionary: netherrackRod
OreDictionary: slimeRod
OreDictionary: paperRod
OreDictionary: cobaltRod
OreDictionary: arditeRod
OreDictionary: manyullynRod
OreDictionary: copperRod
OreDictionary: bronzeRod
OreDictionary: alumiteRod
OreDictionary: steelRod
OreDictionary: blueslimeRod
OreDictionary: thaumiumRod
OreDictionary: glassWhite
OreDictionary: glassOrange
OreDictionary: glassMagenta
OreDictionary: glassLightBlue
OreDictionary: glassYellow
OreDictionary: glassLime
OreDictionary: glassPink
OreDictionary: glassGray
OreDictionary: glassLightGray
OreDictionary: glassCyan
OreDictionary: glassPurple
OreDictionary: glassBlue
OreDictionary: glassBrown
OreDictionary: glassGreen
OreDictionary: glassRed
OreDictionary: glassBlack
OreDictionary: slimeball
OreDictionary: slimeball
OreDictionary: glass
OreDictionary: mb.magnet.level0
OreDictionary: mb.magnet.level0
OreDictionary: mb.magnet.level1
OreDictionary: mb.magnet.level1
OreDictionary: mb.magnet.level2
OreDictionary: mb.magnet.level2
OreDictionary: mb.magnet.level3
OreDictionary: mb.magnet.level3
OreDictionary: mb.magnet.level4
OreDictionary: mb.magnet.level4
OreDictionary: mb.magnet.level5
OreDictionary: mb.magnet.level5
OreDictionary: mb.magnet.level6
OreDictionary: mb.magnet.level6
OreDictionary: mb.magnet.level7
OreDictionary: mb.magnet.level7
OreDictionary: mb.magnet.level8
OreDictionary: mb.magnet.level8
OreDictionary: beeComb
OreDictionary: waxMagical
OreDictionary: waxMagical
OreDictionary: nuggetIron
OreDictionary: nuggetCopper
OreDictionary: nuggetTin
OreDictionary: nuggetSilver
OreDictionary: nuggetLead
OreDictionary: shardDiamond
OreDictionary: shardEmerald
OreDictionary: shardApatite
OreDictionary: itemFertilizer
OreDictionary: itemTar
FluidDictionary: fortron
Created listener list on channel 1
Registered Listener: denoflionsx.PluginsforForestry.Plugins.Railcraft.PluginRailcraft
Sending 48 cached events to denoflionsx.PluginsforForestry.Plugins.Railcraft.PluginRailcraft
Registered Listener: denoflionsx.PluginsforForestry.Utils.FermenterUtils
Sending 48 cached events to denoflionsx.PluginsforForestry.Utils.FermenterUtils
OreDictionary: stoneRod
FluidDictionary: milk
FluidDictionary: beer
FluidDictionary: hotcocoa
FluidDictionary: vinegar
FluidDictionary: cookingoil
FluidDictionary: vodka
FluidDictionary: cider
FluidDictionary: immibis.liquidxp
OreDictionary: oreCertusQuartz
OreDictionary: crystalCertusQuartz
OreDictionary: dustCertusQuartz
OreDictionary: dustNetherQuartz
OreDictionary: dustEnderPearl
OreDictionary: dustGold
OreDictionary: dustIron
OreDictionary: dustWheat
OreDictionary: stone
OreDictionary: stone
OreDictionary: cobblestone
OreDictionary: cobblestone
OreDictionary: blockSteel
OreDictionary: ingotSteel
OreDictionary: dustSteel
OreDictionary: dyeBlue
OreDictionary: dyeBlack
OreDictionary: dyeBrown
OreDictionary: dyeWhite
OreDictionary: nuggetCopper
OreDictionary: nuggetSilver
OreDictionary: nuggetGold
OreDictionary: nuggetPlatinum
OreDictionary: coinCopper
OreDictionary: coinSilver
OreDictionary: coinGold
OreDictionary: coinPlatinum
FluidDictionary: glass
FluidDictionary: biomass
FluidDictionary: bioethanol
FluidDictionary: seedoil
FluidDictionary: honey
FluidDictionary: juice
FluidDictionary: ice
OreDictionary: dyeRed
OreDictionary: dyeYellow
OreDictionary: dyeBlue
OreDictionary: dyeGreen
OreDictionary: dyeBlack
OreDictionary: dyeWhite
OreDictionary: dyeBrown
FluidDictionary: liquiddna
FluidDictionary: life essence
OreDictionary: woodLog
OreDictionary: woodLog
OreDictionary: treeSapling
OreDictionary: treeLeaves
OreDictionary: treeLeaves
OreDictionary: plankWood
FluidDictionary: liquidforce
OreDictionary: gemForce
OreDictionary: ingotForce
OreDictionary: nuggetForce
OreDictionary: logWood
OreDictionary: plankWood
OreDictionary: treeSapling
OreDictionary: treeLeaves
OreDictionary: stickWood
OreDictionary: itemTear
OreDictionary: itemTear
OreDictionary: itemClaw
OreDictionary: itemBacon
OreDictionary: blockAluminum
OreDictionary: blockAluminium
OreDictionary: blockBronze
OreDictionary: blockCopper
OreDictionary: blockLead
OreDictionary: blockNickel
OreDictionary: blockPlatinum
OreDictionary: blockSilver
OreDictionary: blockSteel
OreDictionary: blockTin
OreDictionary: oreAluminum
OreDictionary: oreAluminium
OreDictionary: oreTin
OreDictionary: oreEmery
OreDictionary: oreLead
OreDictionary: oreCopper
OreDictionary: oreNickel
OreDictionary: oreRuby
OreDictionary: oreSapphire
OreDictionary: ingotAluminum
OreDictionary: ingotAluminium
OreDictionary: ingotBronze
OreDictionary: ingotCopper
OreDictionary: ingotLead
OreDictionary: ingotNickel
OreDictionary: ingotPlatinum
OreDictionary: ingotSilver
OreDictionary: ingotSteel
OreDictionary: ingotTin
OreDictionary: gemEmery
OreDictionary: gemRuby
OreDictionary: gemSapphire
OreDictionary: plankWood
OreDictionary: plankWood
OreDictionary: plankWood
OreDictionary: plankWood
OreDictionary: plankWood
OreDictionary: plankWood
OreDictionary: plankWood
OreDictionary: plankWood
OreDictionary: plankWood
OreDictionary: plankWood
OreDictionary: plankWood
OreDictionary: plankWood
OreDictionary: plankWood
OreDictionary: plankWood
OreDictionary: plankWood
OreDictionary: plankWood
FluidDictionary: slickwater
OreDictionary: dustQuicklime
OreDictionary: groundAluminum
OreDictionary: groundTin
OreDictionary: groundLead
OreDictionary: groundGold
OreDictionary: groundIron
OreDictionary: groundCopper
OreDictionary: groundNickel
OreDictionary: groundSilver
OreDictionary: dustImpureAluminum
OreDictionary: dustImpureCopper
OreDictionary: dustImpureLead
OreDictionary: dustImpureNickel
OreDictionary: dustImpureGold
OreDictionary: dustImpureIron
OreDictionary: dustImpureSilver
OreDictionary: dustImpureTin
OreDictionary: dustAluminum
OreDictionary: dustCopper
OreDictionary: dustGold
OreDictionary: dustIron
OreDictionary: dustLead
OreDictionary: dustNickel
OreDictionary: dustPlatinum
OreDictionary: dustSilver
OreDictionary: dustTin
FluidDictionary: molten.angmallen
FluidDictionary: molten.damascus.steel
FluidDictionary: molten.hepatizon
FluidDictionary: molten.manganese
FluidDictionary: molten.brass
FluidDictionary: molten.platinum
FluidDictionary: molten.zinc
FluidDictionary: molten.amordrine
FluidDictionary: molten.alduorite
FluidDictionary: molten.ceruclase
FluidDictionary: molten.ignatius
FluidDictionary: molten.inolashite
FluidDictionary: molten.kalendrite
FluidDictionary: molten.lemurite
FluidDictionary: molten.midasium
FluidDictionary: molten.sanguinite
FluidDictionary: molten.shadow.iron
FluidDictionary: molten.shadow.steel
FluidDictionary: molten.vulcanite
FluidDictionary: molten.vyroxeres
FluidDictionary: molten.adamantine
FluidDictionary: molten.astral.silver
FluidDictionary: molten.atlarus
FluidDictionary: molten.black.steel
FluidDictionary: molten.carmot
FluidDictionary: molten.celenegil
FluidDictionary: molten.deep.iron
FluidDictionary: molten.haderoth
FluidDictionary: molten.infuscolium
FluidDictionary: molten.mithril
FluidDictionary: molten.orichalcum
FluidDictionary: molten.oureclase
FluidDictionary: molten.prometheum
FluidDictionary: molten.quicksilver
FluidDictionary: molten.rubracium
FluidDictionary: molten.tartarite
FluidDictionary: molten.desichalkos
FluidDictionary: molten.eximite
FluidDictionary: molten.meutoite
OreDictionary: plankWood
OreDictionary: plankWood
OreDictionary: plankWood
OreDictionary: plankWood
OreDictionary: plankWood
OreDictionary: plankWood
OreDictionary: plankWood
OreDictionary: plankWood
OreDictionary: plankWood
OreDictionary: plankWood
OreDictionary: plankWood
OreDictionary: plankWood
OreDictionary: plankWood
OreDictionary: plankWood
OreDictionary: plankWood
OreDictionary: plankWood
FluidDictionary: gascraft_naturalgas
FluidDictionary: gascraft_propellent
FluidDictionary: gascraft_hydrogen
FluidDictionary: gascraft_smoke
FluidDictionary: gascraft_toxicgas
FluidDictionary: gascraft_neurotoxin
OreDictionary: blockWool
OreDictionary: blockWool
OreDictionary: itemBioFuel
OreDictionary: blockHepatizon
OreDictionary: ingotHepatizon
OreDictionary: dustHepatizon
OreDictionary: blockBronze
OreDictionary: ingotBronze
OreDictionary: dustBronze
OreDictionary: blockAngmallen
OreDictionary: ingotAngmallen
OreDictionary: dustAngmallen
OreDictionary: oreCopper
OreDictionary: blockCopper
OreDictionary: ingotCopper
OreDictionary: dustCopper
OreDictionary: oreTin
OreDictionary: blockTin
OreDictionary: ingotTin
OreDictionary: dustTin
OreDictionary: blockSteel
OreDictionary: ingotSteel
OreDictionary: dustSteel
OreDictionary: blockDamascus Steel
OreDictionary: ingotDamascus Steel
OreDictionary: dustDamascus Steel
OreDictionary: oreManganese
OreDictionary: blockManganese
OreDictionary: ingotManganese
OreDictionary: dustManganese
OreDictionary: blockElectrum
OreDictionary: ingotElectrum
OreDictionary: dustElectrum
OreDictionary: oreZinc
OreDictionary: blockZinc
OreDictionary: ingotZinc
OreDictionary: dustZinc
OreDictionary: orePlatinum
OreDictionary: blockPlatinum
OreDictionary: ingotPlatinum
OreDictionary: dustPlatinum
OreDictionary: oreSilver
OreDictionary: blockSilver
OreDictionary: ingotSilver
OreDictionary: dustSilver
OreDictionary: blockBrass
OreDictionary: ingotBrass
OreDictionary: dustBrass
OreDictionary: oreLemurite
OreDictionary: blockLemurite
OreDictionary: ingotLemurite
OreDictionary: dustLemurite
OreDictionary: oreIgnatius
OreDictionary: blockIgnatius
OreDictionary: ingotIgnatius
OreDictionary: dustIgnatius
OreDictionary: oreCeruclase
OreDictionary: blockCeruclase
OreDictionary: ingotCeruclase
OreDictionary: dustCeruclase
OreDictionary: blockInolashite
OreDictionary: ingotInolashite
OreDictionary: dustInolashite
OreDictionary: oreShadow Iron
OreDictionary: blockShadow Iron
OreDictionary: ingotShadow Iron
OreDictionary: dustShadow Iron
OreDictionary: oreVulcanite
OreDictionary: blockVulcanite
OreDictionary: ingotVulcanite
OreDictionary: dustVulcanite
OreDictionary: oreMidasium
OreDictionary: blockMidasium
OreDictionary: ingotMidasium
OreDictionary: dustMidasium
OreDictionary: blockShadow Steel
OreDictionary: ingotShadow Steel
OreDictionary: dustShadow Steel
OreDictionary: oreVyroxeres
OreDictionary: blockVyroxeres
OreDictionary: ingotVyroxeres
OreDictionary: dustVyroxeres
OreDictionary: oreKalendrite
OreDictionary: blockKalendrite
OreDictionary: ingotKalendrite
OreDictionary: dustKalendrite
OreDictionary: oreSanguinite
OreDictionary: blockSanguinite
OreDictionary: ingotSanguinite
OreDictionary: dustSanguinite
OreDictionary: blockAmordrine
OreDictionary: ingotAmordrine
OreDictionary: dustAmordrine
OreDictionary: oreAlduorite
OreDictionary: blockAlduorite
OreDictionary: ingotAlduorite
OreDictionary: dustAlduorite
OreDictionary: oreInfuscolium
OreDictionary: blockInfuscolium
OreDictionary: ingotInfuscolium
OreDictionary: dustInfuscolium
OreDictionary: oreRubracium
OreDictionary: blockRubracium
OreDictionary: ingotRubracium
OreDictionary: dustRubracium
OreDictionary: oreAdamantine
OreDictionary: blockAdamantine
OreDictionary: ingotAdamantine
OreDictionary: dustAdamantine
OreDictionary: blockQuicksilver
OreDictionary: ingotQuicksilver
OreDictionary: dustQuicksilver
OreDictionary: blockCelenegil
OreDictionary: ingotCelenegil
OreDictionary: dustCelenegil
OreDictionary: oreAtlarus
OreDictionary: blockAtlarus
OreDictionary: ingotAtlarus
OreDictionary: dustAtlarus
OreDictionary: oreDeep Iron
OreDictionary: blockDeep Iron
OreDictionary: ingotDeep Iron
OreDictionary: dustDeep Iron
OreDictionary: orePrometheum
OreDictionary: blockPrometheum
OreDictionary: ingotPrometheum
OreDictionary: dustPrometheum
OreDictionary: blockBlack Steel
OreDictionary: ingotBlack Steel
OreDictionary: dustBlack Steel
OreDictionary: oreOrichalcum
OreDictionary: blockOrichalcum
OreDictionary: ingotOrichalcum
OreDictionary: dustOrichalcum
OreDictionary: oreAstral Silver
OreDictionary: blockAstral Silver
OreDictionary: ingotAstral Silver
OreDictionary: dustAstral Silver
OreDictionary: blockHaderoth
OreDictionary: ingotHaderoth
OreDictionary: dustHaderoth
OreDictionary: oreMithril
OreDictionary: blockMithril
OreDictionary: ingotMithril
OreDictionary: dustMithril
OreDictionary: blockTartarite
OreDictionary: ingotTartarite
OreDictionary: dustTartarite
OreDictionary: oreOureclase
OreDictionary: blockOureclase
OreDictionary: ingotOureclase
OreDictionary: dustOureclase
OreDictionary: oreCarmot
OreDictionary: blockCarmot
OreDictionary: ingotCarmot
OreDictionary: dustCarmot
OreDictionary: oreEximite
OreDictionary: blockEximite
OreDictionary: ingotEximite
OreDictionary: dustEximite
OreDictionary: oreMeutoite
OreDictionary: blockMeutoite
OreDictionary: ingotMeutoite
OreDictionary: dustMeutoite
OreDictionary: blockDesichalkos
OreDictionary: ingotDesichalkos
OreDictionary: dustDesichalkos
OreDictionary: oreSulfur
OreDictionary: orePhosphorite
OreDictionary: oreSaltpeter
OreDictionary: oreBitumen
OreDictionary: oreMagnesium
OreDictionary: orePotash
OreDictionary: dustSulfur
OreDictionary: dustPhosphorus
OreDictionary: dustSaltpeter
OreDictionary: itemBitumen
OreDictionary: dustPotash
OreDictionary: dustMagnesium
OreDictionary: dustIron
OreDictionary: dustGold
OreDictionary: cropPumpkin
OreDictionary: cropMelon
OreDictionary: cropPotato
OreDictionary: cropCarrot
FluidDictionary: peat
FluidDictionary: vegetable
Created listener list on channel 0
Registered Listener: denoflionsx.PluginsforForestry.Plugins.LiquidRoundup.Items.WoodenBucketRecipeManager
Sending 840 cached events to denoflionsx.PluginsforForestry.Plugins.LiquidRoundup.Items.WoodenBucketRecipeManager
Setting up meta item: 4602:0 Blacksmithing Hammer
Setting up meta item: 4603:0 Iron Ring
Registered Listener: denoflionsx.PluginsforForestry.Plugins.LiquidRoundup.Items.BarrelRecipeManager
Sending 840 cached events to denoflionsx.PluginsforForestry.Plugins.LiquidRoundup.Items.BarrelRecipeManager
Setting up meta item: 4600:0 Sugar Charcoal
Setting up meta item: 4600:1 Sugar Coke
Setting up meta item: 4600:2 Cactus Charcoal
Setting up meta item: 4600:3 Cactus Coke
OreDictionary: projredPart
OreDictionary: projredPart
OreDictionary: projredPart
OreDictionary: projredPart
OreDictionary: projredPart
OreDictionary: projredPart
OreDictionary: projredPart
OreDictionary: projredPart
OreDictionary: projredPart
OreDictionary: projredPart
OreDictionary: projredPart
OreDictionary: projredPart
OreDictionary: projredPart
OreDictionary: projredPart
OreDictionary: projredPart
OreDictionary: projredPart
OreDictionary: projredPart
OreDictionary: projredPart
OreDictionary: projredPart
OreDictionary: projredPart
OreDictionary: projredPart
OreDictionary: projredPart
OreDictionary: projredPart
OreDictionary: projredPart
OreDictionary: projredPart
OreDictionary: projredPart
OreDictionary: projredPart
OreDictionary: projredPart
OreDictionary: projredPart
OreDictionary: projredPart
OreDictionary: projredPart
OreDictionary: projredPart
OreDictionary: projredPart
OreDictionary: projredPart
OreDictionary: projredPart
OreDictionary: projredPart
OreDictionary: projredPart
OreDictionary: projredPart
OreDictionary: projredPart
OreDictionary: projredPart
OreDictionary: projredIllumar
OreDictionary: projredIllumar
OreDictionary: projredIllumar
OreDictionary: projredIllumar
OreDictionary: projredIllumar
OreDictionary: projredIllumar
OreDictionary: projredIllumar
OreDictionary: projredIllumar
OreDictionary: projredIllumar
OreDictionary: projredIllumar
OreDictionary: projredIllumar
OreDictionary: projredIllumar
OreDictionary: projredIllumar
OreDictionary: projredIllumar
OreDictionary: projredIllumar
OreDictionary: projredIllumar
FluidDictionary: molten redstone
FluidDictionary: molten conductive redmetal
OreDictionary: projredWire
OreDictionary: projredWire
OreDictionary: projredWire
OreDictionary: projredWire
OreDictionary: projredWire
OreDictionary: projredWire
OreDictionary: projredWire
OreDictionary: projredWire
OreDictionary: projredWire
OreDictionary: projredWire
OreDictionary: projredWire
OreDictionary: projredWire
OreDictionary: projredWire
OreDictionary: projredWire
OreDictionary: projredWire
OreDictionary: projredWire
OreDictionary: projredWire
OreDictionary: projredWire
OreDictionary: projredWire
OreDictionary: projredWire
OreDictionary: projredWire
OreDictionary: projredWire
OreDictionary: projredWire
OreDictionary: projredWire
OreDictionary: projredWire
OreDictionary: projredWire
OreDictionary: projredWire
OreDictionary: projredWire
OreDictionary: projredWire
OreDictionary: projredWire
OreDictionary: projredWire
OreDictionary: projredWire
OreDictionary: projredWire
OreDictionary: projredWire
OreDictionary: projredInsFramedWire
OreDictionary: projredInsulatedWire
OreDictionary: projredInsFramedWire
OreDictionary: projredInsulatedWire
OreDictionary: projredInsFramedWire
OreDictionary: projredInsulatedWire
OreDictionary: projredInsFramedWire
OreDictionary: projredInsulatedWire
OreDictionary: projredInsFramedWire
OreDictionary: projredInsulatedWire
OreDictionary: projredInsFramedWire
OreDictionary: projredInsulatedWire
OreDictionary: projredInsFramedWire
OreDictionary: projredInsulatedWire
OreDictionary: projredInsFramedWire
OreDictionary: projredInsulatedWire
OreDictionary: projredInsFramedWire
OreDictionary: projredInsulatedWire
OreDictionary: projredInsFramedWire
OreDictionary: projredInsulatedWire
OreDictionary: projredInsFramedWire
OreDictionary: projredInsulatedWire
OreDictionary: projredInsFramedWire
OreDictionary: projredInsulatedWire
OreDictionary: projredInsFramedWire
OreDictionary: projredInsulatedWire
OreDictionary: projredInsFramedWire
OreDictionary: projredInsulatedWire
OreDictionary: projredInsFramedWire
OreDictionary: projredInsulatedWire
OreDictionary: projredInsFramedWire
OreDictionary: projredInsulatedWire
OreDictionary: projredBundledCable
OreDictionary: projredBundledCable
OreDictionary: projredBundledCable
OreDictionary: projredBundledCable
OreDictionary: projredBundledCable
OreDictionary: projredBundledCable
OreDictionary: projredBundledCable
OreDictionary: projredBundledCable
OreDictionary: projredBundledCable
OreDictionary: projredBundledCable
OreDictionary: projredBundledCable
OreDictionary: projredBundledCable
OreDictionary: projredBundledCable
OreDictionary: projredBundledCable
OreDictionary: projredBundledCable
OreDictionary: projredBundledCable
OreDictionary: projredBundledCable
OreDictionary: diamondNugget
OreDictionary: stoneSmooth
OreDictionary: stoneSmooth
OreDictionary: stoneCobble
OreDictionary: stoneCobble
OreDictionary: stoneBricks
OreDictionary: stoneBricks
OreDictionary: obsidianRod
OreDictionary: stoneBowl
OreDictionary: circuitElite
OreDictionary: circuitBasic
OreDictionary: ingotCopper
OreDictionary: ingotCopper
OreDictionary: ingotBronze
OreDictionary: ingotBronze
OreDictionary: circuitAdvanced
OreDictionary: ingotSteel
OreDictionary: ingotSteel
OreDictionary: plateSteel
OreDictionary: wrench
OreDictionary: dustSteel
OreDictionary: motor
OreDictionary: oreCopper
OreDictionary: oreCopper
OreDictionary: oreTin
OreDictionary: oreTin
OreDictionary: plateBronze
OreDictionary: dustBronze
OreDictionary: ingotTin
OreDictionary: ingotTin
FluidDictionary: short.mead
OreDictionary: calclavia:CIRCUIT_T1
OreDictionary: calclavia:CIRCUIT_T2
OreDictionary: calclavia:CIRCUIT_T3
OreDictionary: calclavia:ADVANCED_BATTERY
OreDictionary: calclavia:BATTERY
OreDictionary: calclavia:BATTERY_BOX
OreDictionary: calclavia:WRENCH
OreDictionary: calclavia:WIRE
OreDictionary: calclavia:MOTOR
OreDictionary: cellEmpty
OreDictionary: ingotIron
OreDictionary: ingotGold
OreDictionary: gemDiamond
OreDictionary: gemEmerald
OreDictionary: gemLapis
OreDictionary: beeComb
OreDictionary: fz.waterBucketLike
OreDictionary: fz.waterBucketLike
OreDictionary: fz.waterBucketLike
OreDictionary: fz.waterBucketLike
OreDictionary: fz.waterBucketLike
OreDictionary: fz.waterBucketLike
OreDictionary: dirtyGravelIron
OreDictionary: cleanGravelIron
OreDictionary: reducedIron
OreDictionary: crystallineIron
OreDictionary: dirtyGravelGold
OreDictionary: cleanGravelGold
OreDictionary: reducedGold
OreDictionary: crystallineGold
OreDictionary: dirtyGravelTin
OreDictionary: cleanGravelTin
OreDictionary: reducedTin
OreDictionary: crystallineTin
OreDictionary: dirtyGravelCopper
OreDictionary: cleanGravelCopper
OreDictionary: reducedCopper
OreDictionary: crystallineCopper
OreDictionary: dirtyGravelGalena
OreDictionary: cleanGravelGalena
OreDictionary: reducedGalena
OreDictionary: crystallineGalena
OreDictionary: dirtyGravelLead
OreDictionary: cleanGravelLead
OreDictionary: reducedLead
OreDictionary: crystallineLead
OreDictionary: dirtyGravelSilver
OreDictionary: cleanGravelSilver
OreDictionary: reducedSilver
OreDictionary: crystallineSilver
OreDictionary: dirtyGravelAluminum
OreDictionary: cleanGravelAluminum
OreDictionary: reducedAluminum
OreDictionary: crystallineAluminum
OreDictionary: dirtyGravelCobalt
OreDictionary: cleanGravelCobalt
OreDictionary: reducedCobalt
OreDictionary: crystallineCobalt
OreDictionary: dirtyGravelArdite
OreDictionary: cleanGravelArdite
OreDictionary: reducedArdite
OreDictionary: crystallineArdite
OreDictionary: universalCable
OreDictionary: dustIron
OreDictionary: dustGold
OreDictionary: dustOsmium
OreDictionary: dustRefinedObsidian
OreDictionary: dustDiamond
OreDictionary: dustSteel
OreDictionary: dustCopper
OreDictionary: dustTin
OreDictionary: dustSilver
OreDictionary: ingotRefinedObsidian
OreDictionary: ingotOsmium
OreDictionary: ingotBronze
OreDictionary: ingotRefinedGlowstone
OreDictionary: ingotSteel
OreDictionary: blockOsmium
OreDictionary: blockBronze
OreDictionary: blockRefinedObsidian
OreDictionary: blockCoal
OreDictionary: blockRefinedGlowstone
OreDictionary: blockSteel
OreDictionary: dustDirtyIron
OreDictionary: dustDirtyGold
OreDictionary: dustDirtyOsmium
OreDictionary: dustDirtyCopper
OreDictionary: dustDirtyTin
OreDictionary: dustDirtySilver
OreDictionary: dustDirtyObsidian
OreDictionary: dustObsidian
OreDictionary: clumpIron
OreDictionary: clumpGold
OreDictionary: clumpOsmium
OreDictionary: clumpCopper
OreDictionary: clumpTin
OreDictionary: clumpSilver
OreDictionary: clumpObsidian
OreDictionary: oreOsmium
OreDictionary: circuitBasic
OreDictionary: itemCompressedCarbon
OreDictionary: itemEnrichedAlloy
Registered Listener: denoflionsx.PluginsforForestry.Plugins.LiquidRoundup.Items.ItemWoodenBucket
Sending 117 cached events to denoflionsx.PluginsforForestry.Plugins.LiquidRoundup.Items.ItemWoodenBucket
Registered Listener: denoflionsx.PluginsforForestry.Plugins.LiquidRoundup.Items.ItemBarrel
Sending 117 cached events to denoflionsx.PluginsforForestry.Plugins.LiquidRoundup.Items.ItemBarrel
OreDictionary: itemCharcoalSugar
OreDictionary: itemCokeSugar
OreDictionary: itemCharcoalCactus
OreDictionary: itemCokeCactus
OreDictionary: pr_bag
OreDictionary: pr_bag
OreDictionary: pr_bag
OreDictionary: pr_bag
OreDictionary: pr_bag
OreDictionary: pr_bag
OreDictionary: pr_bag
OreDictionary: pr_bag
OreDictionary: pr_bag
OreDictionary: pr_bag
OreDictionary: pr_bag
OreDictionary: pr_bag
OreDictionary: pr_bag
OreDictionary: pr_bag
OreDictionary: pr_bag
OreDictionary: pr_bag
OreDictionary: stoneSmooth
OreDictionary: stoneCobble
OreDictionary: stoneBricks
